<?xml version="1.0" encoding="UTF-8"?>
<testng-results ignored="0" total="33" passed="33" failed="0" skipped="0">
  <reporter-output>
  </reporter-output>
  <suite started-at="2026-02-12T15:56:20 IST" name="Default suite" finished-at="2026-02-12T16:15:30 IST" duration-ms="1149390">
    <groups>
      <group name="cucumber">
        <method signature="AbstractTestNGCucumberTests.runScenario(io.cucumber.testng.PickleWrapper,io.cucumber.testng.FeatureWrapper)[pri:0, instance:runners.TestRunner@26794848]" name="runScenario" class="io.cucumber.testng.AbstractTestNGCucumberTests"/>
      </group> <!-- cucumber -->
    </groups>
    <test started-at="2026-02-12T15:56:20 IST" name="Default test" finished-at="2026-02-12T16:15:30 IST" duration-ms="1149390">
      <class name="runners.TestRunner">
        <test-method is-config="true" signature="setUpClass(org.testng.ITestContext)[pri:0, instance:runners.TestRunner@26794848]" started-at="2026-02-12T15:56:20 IST" name="setUpClass" finished-at="2026-02-12T15:56:21 IST" duration-ms="517" status="PASS">
          <params>
            <param index="0">
              <value>
                <![CDATA[org.testng.TestRunner@11cf7dd]]>
              </value>
            </param>
          </params>
          <reporter-output>
          </reporter-output>
        </test-method> <!-- setUpClass -->
        <test-method signature="runScenario(io.cucumber.testng.PickleWrapper,io.cucumber.testng.FeatureWrapper)[pri:0, instance:runners.TestRunner@26794848]" started-at="2026-02-12T15:56:21 IST" name="runScenario" description="Runs Cucumber Scenarios" data-provider="scenarios" finished-at="2026-02-12T15:57:21 IST" duration-ms="60333" status="PASS">
          <params>
            <param index="0">
              <value>
                <![CDATA["Add product to cart"]]>
              </value>
            </param>
            <param index="1">
              <value>
                <![CDATA["Cart"]]>
              </value>
            </param>
          </params>
          <reporter-output>
          </reporter-output>
        </test-method> <!-- runScenario -->
        <test-method signature="runScenario(io.cucumber.testng.PickleWrapper,io.cucumber.testng.FeatureWrapper)[pri:0, instance:runners.TestRunner@26794848]" started-at="2026-02-12T15:57:21 IST" name="runScenario" description="Runs Cucumber Scenarios" data-provider="scenarios" finished-at="2026-02-12T15:58:50 IST" duration-ms="88359" status="PASS">
          <params>
            <param index="0">
              <value>
                <![CDATA["Remove product from cart"]]>
              </value>
            </param>
            <param index="1">
              <value>
                <![CDATA["Cart"]]>
              </value>
            </param>
          </params>
          <reporter-output>
          </reporter-output>
        </test-method> <!-- runScenario -->
        <test-method signature="runScenario(io.cucumber.testng.PickleWrapper,io.cucumber.testng.FeatureWrapper)[pri:0, instance:runners.TestRunner@26794848]" started-at="2026-02-12T15:58:50 IST" name="runScenario" description="Runs Cucumber Scenarios" data-provider="scenarios" finished-at="2026-02-12T15:59:48 IST" duration-ms="57865" status="PASS">
          <params>
            <param index="0">
              <value>
                <![CDATA["Verify cart page URL"]]>
              </value>
            </param>
            <param index="1">
              <value>
                <![CDATA["Cart"]]>
              </value>
            </param>
          </params>
          <reporter-output>
          </reporter-output>
        </test-method> <!-- runScenario -->
        <test-method signature="runScenario(io.cucumber.testng.PickleWrapper,io.cucumber.testng.FeatureWrapper)[pri:0, instance:runners.TestRunner@26794848]" started-at="2026-02-12T15:59:48 IST" name="runScenario" description="Runs Cucumber Scenarios" data-provider="scenarios" finished-at="2026-02-12T16:01:07 IST" duration-ms="79329" status="PASS">
          <params>
            <param index="0">
              <value>
                <![CDATA["Verify cart page title"]]>
              </value>
            </param>
            <param index="1">
              <value>
                <![CDATA["Cart"]]>
              </value>
            </param>
          </params>
          <reporter-output>
          </reporter-output>
        </test-method> <!-- runScenario -->
        <test-method signature="runScenario(io.cucumber.testng.PickleWrapper,io.cucumber.testng.FeatureWrapper)[pri:0, instance:runners.TestRunner@26794848]" started-at="2026-02-12T16:01:07 IST" name="runScenario" description="Runs Cucumber Scenarios" data-provider="scenarios" finished-at="2026-02-12T16:02:06 IST" duration-ms="58836" status="PASS">
          <params>
            <param index="0">
              <value>
                <![CDATA["Verify cart URL exists"]]>
              </value>
            </param>
            <param index="1">
              <value>
                <![CDATA["Cart"]]>
              </value>
            </param>
          </params>
          <reporter-output>
          </reporter-output>
        </test-method> <!-- runScenario -->
        <test-method signature="runScenario(io.cucumber.testng.PickleWrapper,io.cucumber.testng.FeatureWrapper)[pri:0, instance:runners.TestRunner@26794848]" started-at="2026-02-12T16:02:06 IST" name="runScenario" description="Runs Cucumber Scenarios" data-provider="scenarios" finished-at="2026-02-12T16:02:29 IST" duration-ms="23403" status="PASS">
          <params>
            <param index="0">
              <value>
                <![CDATA["Verify home page loads"]]>
              </value>
            </param>
            <param index="1">
              <value>
                <![CDATA["Home Page"]]>
              </value>
            </param>
          </params>
          <reporter-output>
          </reporter-output>
        </test-method> <!-- runScenario -->
        <test-method signature="runScenario(io.cucumber.testng.PickleWrapper,io.cucumber.testng.FeatureWrapper)[pri:0, instance:runners.TestRunner@26794848]" started-at="2026-02-12T16:02:29 IST" name="runScenario" description="Runs Cucumber Scenarios" data-provider="scenarios" finished-at="2026-02-12T16:03:13 IST" duration-ms="43793" status="PASS">
          <params>
            <param index="0">
              <value>
                <![CDATA["Close login popup"]]>
              </value>
            </param>
            <param index="1">
              <value>
                <![CDATA["Home Page"]]>
              </value>
            </param>
          </params>
          <reporter-output>
          </reporter-output>
        </test-method> <!-- runScenario -->
        <test-method signature="runScenario(io.cucumber.testng.PickleWrapper,io.cucumber.testng.FeatureWrapper)[pri:0, instance:runners.TestRunner@26794848]" started-at="2026-02-12T16:03:13 IST" name="runScenario" description="Runs Cucumber Scenarios" data-provider="scenarios" finished-at="2026-02-12T16:03:35 IST" duration-ms="22602" status="PASS">
          <params>
            <param index="0">
              <value>
                <![CDATA["Verify Flipkart page title loads"]]>
              </value>
            </param>
            <param index="1">
              <value>
                <![CDATA["Home Page"]]>
              </value>
            </param>
          </params>
          <reporter-output>
          </reporter-output>
        </test-method> <!-- runScenario -->
        <test-method signature="runScenario(io.cucumber.testng.PickleWrapper,io.cucumber.testng.FeatureWrapper)[pri:0, instance:runners.TestRunner@26794848]" started-at="2026-02-12T16:03:35 IST" name="runScenario" description="Runs Cucumber Scenarios" data-provider="scenarios" finished-at="2026-02-12T16:03:59 IST" duration-ms="23494" status="PASS">
          <params>
            <param index="0">
              <value>
                <![CDATA["Navigate to mobiles category"]]>
              </value>
            </param>
            <param index="1">
              <value>
                <![CDATA["Navigation"]]>
              </value>
            </param>
          </params>
          <reporter-output>
          </reporter-output>
        </test-method> <!-- runScenario -->
        <test-method signature="runScenario(io.cucumber.testng.PickleWrapper,io.cucumber.testng.FeatureWrapper)[pri:0, instance:runners.TestRunner@26794848]" started-at="2026-02-12T16:03:59 IST" name="runScenario" description="Runs Cucumber Scenarios" data-provider="scenarios" finished-at="2026-02-12T16:04:24 IST" duration-ms="25185" status="PASS">
          <params>
            <param index="0">
              <value>
                <![CDATA["Navigate back using logo"]]>
              </value>
            </param>
            <param index="1">
              <value>
                <![CDATA["Navigation"]]>
              </value>
            </param>
          </params>
          <reporter-output>
          </reporter-output>
        </test-method> <!-- runScenario -->
        <test-method signature="runScenario(io.cucumber.testng.PickleWrapper,io.cucumber.testng.FeatureWrapper)[pri:0, instance:runners.TestRunner@26794848]" started-at="2026-02-12T16:04:24 IST" name="runScenario" description="Runs Cucumber Scenarios" data-provider="scenarios" finished-at="2026-02-12T16:04:46 IST" duration-ms="22233" status="PASS">
          <params>
            <param index="0">
              <value>
                <![CDATA["Verify homepage URL"]]>
              </value>
            </param>
            <param index="1">
              <value>
                <![CDATA["Navigation"]]>
              </value>
            </param>
          </params>
          <reporter-output>
          </reporter-output>
        </test-method> <!-- runScenario -->
        <test-method signature="runScenario(io.cucumber.testng.PickleWrapper,io.cucumber.testng.FeatureWrapper)[pri:0, instance:runners.TestRunner@26794848]" started-at="2026-02-12T16:04:46 IST" name="runScenario" description="Runs Cucumber Scenarios" data-provider="scenarios" finished-at="2026-02-12T16:05:08 IST" duration-ms="21933" status="PASS">
          <params>
            <param index="0">
              <value>
                <![CDATA["Verify search box placeholder"]]>
              </value>
            </param>
            <param index="1">
              <value>
                <![CDATA["Navigation"]]>
              </value>
            </param>
          </params>
          <reporter-output>
          </reporter-output>
        </test-method> <!-- runScenario -->
        <test-method signature="runScenario(io.cucumber.testng.PickleWrapper,io.cucumber.testng.FeatureWrapper)[pri:0, instance:runners.TestRunner@26794848]" started-at="2026-02-12T16:05:08 IST" name="runScenario" description="Runs Cucumber Scenarios" data-provider="scenarios" finished-at="2026-02-12T16:05:35 IST" duration-ms="26528" status="PASS">
          <params>
            <param index="0">
              <value>
                <![CDATA["Open product details"]]>
              </value>
            </param>
            <param index="1">
              <value>
                <![CDATA["Product Details"]]>
              </value>
            </param>
          </params>
          <reporter-output>
          </reporter-output>
        </test-method> <!-- runScenario -->
        <test-method signature="runScenario(io.cucumber.testng.PickleWrapper,io.cucumber.testng.FeatureWrapper)[pri:0, instance:runners.TestRunner@26794848]" started-at="2026-02-12T16:05:35 IST" name="runScenario" description="Runs Cucumber Scenarios" data-provider="scenarios" finished-at="2026-02-12T16:07:01 IST" duration-ms="86207" status="PASS">
          <params>
            <param index="0">
              <value>
                <![CDATA["Verify product information"]]>
              </value>
            </param>
            <param index="1">
              <value>
                <![CDATA["Product Details"]]>
              </value>
            </param>
          </params>
          <reporter-output>
          </reporter-output>
        </test-method> <!-- runScenario -->
        <test-method signature="runScenario(io.cucumber.testng.PickleWrapper,io.cucumber.testng.FeatureWrapper)[pri:0, instance:runners.TestRunner@26794848]" started-at="2026-02-12T16:07:01 IST" name="runScenario" description="Runs Cucumber Scenarios" data-provider="scenarios" finished-at="2026-02-12T16:07:27 IST" duration-ms="25538" status="PASS">
          <params>
            <param index="0">
              <value>
                <![CDATA["Verify product page URL"]]>
              </value>
            </param>
            <param index="1">
              <value>
                <![CDATA["Product Details"]]>
              </value>
            </param>
          </params>
          <reporter-output>
          </reporter-output>
        </test-method> <!-- runScenario -->
        <test-method signature="runScenario(io.cucumber.testng.PickleWrapper,io.cucumber.testng.FeatureWrapper)[pri:0, instance:runners.TestRunner@26794848]" started-at="2026-02-12T16:07:27 IST" name="runScenario" description="Runs Cucumber Scenarios" data-provider="scenarios" finished-at="2026-02-12T16:08:24 IST" duration-ms="57751" status="PASS">
          <params>
            <param index="0">
              <value>
                <![CDATA["Verify Add to Cart button visible"]]>
              </value>
            </param>
            <param index="1">
              <value>
                <![CDATA["Product Details"]]>
              </value>
            </param>
          </params>
          <reporter-output>
          </reporter-output>
        </test-method> <!-- runScenario -->
        <test-method signature="runScenario(io.cucumber.testng.PickleWrapper,io.cucumber.testng.FeatureWrapper)[pri:0, instance:runners.TestRunner@26794848]" started-at="2026-02-12T16:08:24 IST" name="runScenario" description="Runs Cucumber Scenarios" data-provider="scenarios" finished-at="2026-02-12T16:08:50 IST" duration-ms="25729" status="PASS">
          <params>
            <param index="0">
              <value>
                <![CDATA["Verify product page title loads"]]>
              </value>
            </param>
            <param index="1">
              <value>
                <![CDATA["Product Details"]]>
              </value>
            </param>
          </params>
          <reporter-output>
          </reporter-output>
        </test-method> <!-- runScenario -->
        <test-method signature="runScenario(io.cucumber.testng.PickleWrapper,io.cucumber.testng.FeatureWrapper)[pri:0, instance:runners.TestRunner@26794848]" started-at="2026-02-12T16:08:50 IST" name="runScenario" description="Runs Cucumber Scenarios" data-provider="scenarios" finished-at="2026-02-12T16:09:16 IST" duration-ms="26342" status="PASS">
          <params>
            <param index="0">
              <value>
                <![CDATA["Verify product page URL exists"]]>
              </value>
            </param>
            <param index="1">
              <value>
                <![CDATA["Product Details"]]>
              </value>
            </param>
          </params>
          <reporter-output>
          </reporter-output>
        </test-method> <!-- runScenario -->
        <test-method signature="runScenario(io.cucumber.testng.PickleWrapper,io.cucumber.testng.FeatureWrapper)[pri:0, instance:runners.TestRunner@26794848]" started-at="2026-02-12T16:09:16 IST" name="runScenario" description="Runs Cucumber Scenarios" data-provider="scenarios" finished-at="2026-02-12T16:09:42 IST" duration-ms="25778" status="PASS">
          <params>
            <param index="0">
              <value>
                <![CDATA["Verify product page loads completely"]]>
              </value>
            </param>
            <param index="1">
              <value>
                <![CDATA["Product Details"]]>
              </value>
            </param>
          </params>
          <reporter-output>
          </reporter-output>
        </test-method> <!-- runScenario -->
        <test-method signature="runScenario(io.cucumber.testng.PickleWrapper,io.cucumber.testng.FeatureWrapper)[pri:0, instance:runners.TestRunner@26794848]" started-at="2026-02-12T16:09:42 IST" name="runScenario" description="Runs Cucumber Scenarios" data-provider="scenarios" finished-at="2026-02-12T16:10:08 IST" duration-ms="25899" status="PASS">
          <params>
            <param index="0">
              <value>
                <![CDATA["Verify Flipkart title on product page"]]>
              </value>
            </param>
            <param index="1">
              <value>
                <![CDATA["Product Details"]]>
              </value>
            </param>
          </params>
          <reporter-output>
          </reporter-output>
        </test-method> <!-- runScenario -->
        <test-method signature="runScenario(io.cucumber.testng.PickleWrapper,io.cucumber.testng.FeatureWrapper)[pri:0, instance:runners.TestRunner@26794848]" started-at="2026-02-12T16:10:08 IST" name="runScenario" description="Runs Cucumber Scenarios" data-provider="scenarios" finished-at="2026-02-12T16:10:31 IST" duration-ms="23107" status="PASS">
          <params>
            <param index="0">
              <value>
                <![CDATA["Verify products displayed"]]>
              </value>
            </param>
            <param index="1">
              <value>
                <![CDATA["Product Listing"]]>
              </value>
            </param>
          </params>
          <reporter-output>
          </reporter-output>
        </test-method> <!-- runScenario -->
        <test-method signature="runScenario(io.cucumber.testng.PickleWrapper,io.cucumber.testng.FeatureWrapper)[pri:0, instance:runners.TestRunner@26794848]" started-at="2026-02-12T16:10:31 IST" name="runScenario" description="Runs Cucumber Scenarios" data-provider="scenarios" finished-at="2026-02-12T16:10:56 IST" duration-ms="24337" status="PASS">
          <params>
            <param index="0">
              <value>
                <![CDATA["Apply filters"]]>
              </value>
            </param>
            <param index="1">
              <value>
                <![CDATA["Product Listing"]]>
              </value>
            </param>
          </params>
          <reporter-output>
          </reporter-output>
        </test-method> <!-- runScenario -->
        <test-method signature="runScenario(io.cucumber.testng.PickleWrapper,io.cucumber.testng.FeatureWrapper)[pri:0, instance:runners.TestRunner@26794848]" started-at="2026-02-12T16:10:56 IST" name="runScenario" description="Runs Cucumber Scenarios" data-provider="scenarios" finished-at="2026-02-12T16:11:20 IST" duration-ms="24288" status="PASS">
          <params>
            <param index="0">
              <value>
                <![CDATA["Verify listing page title loads"]]>
              </value>
            </param>
            <param index="1">
              <value>
                <![CDATA["Product Listing"]]>
              </value>
            </param>
          </params>
          <reporter-output>
          </reporter-output>
        </test-method> <!-- runScenario -->
        <test-method signature="runScenario(io.cucumber.testng.PickleWrapper,io.cucumber.testng.FeatureWrapper)[pri:0, instance:runners.TestRunner@26794848]" started-at="2026-02-12T16:11:20 IST" name="runScenario" description="Runs Cucumber Scenarios" data-provider="scenarios" finished-at="2026-02-12T16:11:45 IST" duration-ms="24964" status="PASS">
          <params>
            <param index="0">
              <value>
                <![CDATA["Search different products"]]>
              </value>
            </param>
            <param index="1">
              <value>
                <![CDATA["Search Products"]]>
              </value>
            </param>
          </params>
          <reporter-output>
          </reporter-output>
        </test-method> <!-- runScenario -->
        <test-method signature="runScenario(io.cucumber.testng.PickleWrapper,io.cucumber.testng.FeatureWrapper)[pri:0, instance:runners.TestRunner@26794848]" started-at="2026-02-12T16:11:45 IST" name="runScenario" description="Runs Cucumber Scenarios" data-provider="scenarios" finished-at="2026-02-12T16:12:11 IST" duration-ms="25885" status="PASS">
          <params>
            <param index="0">
              <value>
                <![CDATA["Search different products"]]>
              </value>
            </param>
            <param index="1">
              <value>
                <![CDATA["Search Products"]]>
              </value>
            </param>
          </params>
          <reporter-output>
          </reporter-output>
        </test-method> <!-- runScenario -->
        <test-method signature="runScenario(io.cucumber.testng.PickleWrapper,io.cucumber.testng.FeatureWrapper)[pri:0, instance:runners.TestRunner@26794848]" started-at="2026-02-12T16:12:11 IST" name="runScenario" description="Runs Cucumber Scenarios" data-provider="scenarios" finished-at="2026-02-12T16:12:34 IST" duration-ms="22870" status="PASS">
          <params>
            <param index="0">
              <value>
                <![CDATA["Search different products"]]>
              </value>
            </param>
            <param index="1">
              <value>
                <![CDATA["Search Products"]]>
              </value>
            </param>
          </params>
          <reporter-output>
          </reporter-output>
        </test-method> <!-- runScenario -->
        <test-method signature="runScenario(io.cucumber.testng.PickleWrapper,io.cucumber.testng.FeatureWrapper)[pri:0, instance:runners.TestRunner@26794848]" started-at="2026-02-12T16:12:34 IST" name="runScenario" description="Runs Cucumber Scenarios" data-provider="scenarios" finished-at="2026-02-12T16:12:59 IST" duration-ms="25059" status="PASS">
          <params>
            <param index="0">
              <value>
                <![CDATA["Verify search URL"]]>
              </value>
            </param>
            <param index="1">
              <value>
                <![CDATA["Search Products"]]>
              </value>
            </param>
          </params>
          <reporter-output>
          </reporter-output>
        </test-method> <!-- runScenario -->
        <test-method signature="runScenario(io.cucumber.testng.PickleWrapper,io.cucumber.testng.FeatureWrapper)[pri:0, instance:runners.TestRunner@26794848]" started-at="2026-02-12T16:12:59 IST" name="runScenario" description="Runs Cucumber Scenarios" data-provider="scenarios" finished-at="2026-02-12T16:13:23 IST" duration-ms="24114" status="PASS">
          <params>
            <param index="0">
              <value>
                <![CDATA["Verify search box retains keyword"]]>
              </value>
            </param>
            <param index="1">
              <value>
                <![CDATA["Search Products"]]>
              </value>
            </param>
          </params>
          <reporter-output>
          </reporter-output>
        </test-method> <!-- runScenario -->
        <test-method signature="runScenario(io.cucumber.testng.PickleWrapper,io.cucumber.testng.FeatureWrapper)[pri:0, instance:runners.TestRunner@26794848]" started-at="2026-02-12T16:13:23 IST" name="runScenario" description="Runs Cucumber Scenarios" data-provider="scenarios" finished-at="2026-02-12T16:13:47 IST" duration-ms="24271" status="PASS">
          <params>
            <param index="0">
              <value>
                <![CDATA["Verify search results count"]]>
              </value>
            </param>
            <param index="1">
              <value>
                <![CDATA["Search Products"]]>
              </value>
            </param>
          </params>
          <reporter-output>
          </reporter-output>
        </test-method> <!-- runScenario -->
        <test-method signature="runScenario(io.cucumber.testng.PickleWrapper,io.cucumber.testng.FeatureWrapper)[pri:0, instance:runners.TestRunner@26794848]" started-at="2026-02-12T16:13:47 IST" name="runScenario" description="Runs Cucumber Scenarios" data-provider="scenarios" finished-at="2026-02-12T16:14:11 IST" duration-ms="24193" status="PASS">
          <params>
            <param index="0">
              <value>
                <![CDATA["Verify search page URL exists"]]>
              </value>
            </param>
            <param index="1">
              <value>
                <![CDATA["Search Products"]]>
              </value>
            </param>
          </params>
          <reporter-output>
          </reporter-output>
        </test-method> <!-- runScenario -->
        <test-method signature="runScenario(io.cucumber.testng.PickleWrapper,io.cucumber.testng.FeatureWrapper)[pri:0, instance:runners.TestRunner@26794848]" started-at="2026-02-12T16:14:11 IST" name="runScenario" description="Runs Cucumber Scenarios" data-provider="scenarios" finished-at="2026-02-12T16:14:37 IST" duration-ms="25702" status="PASS">
          <params>
            <param index="0">
              <value>
                <![CDATA["Sort Low to High"]]>
              </value>
            </param>
            <param index="1">
              <value>
                <![CDATA["Product Sorting"]]>
              </value>
            </param>
          </params>
          <reporter-output>
          </reporter-output>
        </test-method> <!-- runScenario -->
        <test-method signature="runScenario(io.cucumber.testng.PickleWrapper,io.cucumber.testng.FeatureWrapper)[pri:0, instance:runners.TestRunner@26794848]" started-at="2026-02-12T16:14:37 IST" name="runScenario" description="Runs Cucumber Scenarios" data-provider="scenarios" finished-at="2026-02-12T16:15:03 IST" duration-ms="25725" status="PASS">
          <params>
            <param index="0">
              <value>
                <![CDATA["Sort High to Low"]]>
              </value>
            </param>
            <param index="1">
              <value>
                <![CDATA["Product Sorting"]]>
              </value>
            </param>
          </params>
          <reporter-output>
          </reporter-output>
        </test-method> <!-- runScenario -->
        <test-method signature="runScenario(io.cucumber.testng.PickleWrapper,io.cucumber.testng.FeatureWrapper)[pri:0, instance:runners.TestRunner@26794848]" started-at="2026-02-12T16:15:03 IST" name="runScenario" description="Runs Cucumber Scenarios" data-provider="scenarios" finished-at="2026-02-12T16:15:30 IST" duration-ms="27072" status="PASS">
          <params>
            <param index="0">
              <value>
                <![CDATA["Sort by Popularity"]]>
              </value>
            </param>
            <param index="1">
              <value>
                <![CDATA["Product Sorting"]]>
              </value>
            </param>
          </params>
          <reporter-output>
          </reporter-output>
        </test-method> <!-- runScenario -->
        <test-method is-config="true" signature="tearDownClass()[pri:0, instance:runners.TestRunner@26794848]" started-at="2026-02-12T16:15:30 IST" name="tearDownClass" finished-at="2026-02-12T16:15:30 IST" duration-ms="31" status="PASS">
          <reporter-output>
          </reporter-output>
        </test-method> <!-- tearDownClass -->
      </class> <!-- runners.TestRunner -->
    </test> <!-- Default test -->
  </suite> <!-- Default suite -->
</testng-results>
