<?xml version="1.0" encoding="UTF-8"?>
<testng-results ignored="0" total="36" passed="36" failed="0" skipped="0">
  <reporter-output>
  </reporter-output>
  <suite started-at="2026-02-13T10:03:54 IST" name="Default suite" finished-at="2026-02-13T10:24:29 IST" duration-ms="1234961">
    <groups>
      <group name="cucumber">
        <method signature="AbstractTestNGCucumberTests.runScenario(io.cucumber.testng.PickleWrapper,io.cucumber.testng.FeatureWrapper)[pri:0, instance:runners.TestRunner@3d285d7e]" name="runScenario" class="io.cucumber.testng.AbstractTestNGCucumberTests"/>
      </group> <!-- cucumber -->
    </groups>
    <test started-at="2026-02-13T10:03:54 IST" name="Default test" finished-at="2026-02-13T10:24:29 IST" duration-ms="1234961">
      <class name="runners.TestRunner">
        <test-method is-config="true" signature="setUpClass(org.testng.ITestContext)[pri:0, instance:runners.TestRunner@3d285d7e]" started-at="2026-02-13T10:03:54 IST" name="setUpClass" finished-at="2026-02-13T10:03:55 IST" duration-ms="556" status="PASS">
          <params>
            <param index="0">
              <value>
                <![CDATA[org.testng.TestRunner@4fc6dcb7]]>
              </value>
            </param>
          </params>
          <reporter-output>
          </reporter-output>
        </test-method> <!-- setUpClass -->
        <test-method signature="runScenario(io.cucumber.testng.PickleWrapper,io.cucumber.testng.FeatureWrapper)[pri:0, instance:runners.TestRunner@3d285d7e]" started-at="2026-02-13T10:03:55 IST" name="runScenario" description="Runs Cucumber Scenarios" data-provider="scenarios" finished-at="2026-02-13T10:04:57 IST" duration-ms="61867" status="PASS">
          <params>
            <param index="0">
              <value>
                <![CDATA["Add product to cart"]]>
              </value>
            </param>
            <param index="1">
              <value>
                <![CDATA["Cart"]]>
              </value>
            </param>
          </params>
          <reporter-output>
          </reporter-output>
        </test-method> <!-- runScenario -->
        <test-method signature="runScenario(io.cucumber.testng.PickleWrapper,io.cucumber.testng.FeatureWrapper)[pri:0, instance:runners.TestRunner@3d285d7e]" started-at="2026-02-13T10:04:57 IST" name="runScenario" description="Runs Cucumber Scenarios" data-provider="scenarios" finished-at="2026-02-13T10:06:25 IST" duration-ms="87841" status="PASS">
          <params>
            <param index="0">
              <value>
                <![CDATA["Remove product from cart"]]>
              </value>
            </param>
            <param index="1">
              <value>
                <![CDATA["Cart"]]>
              </value>
            </param>
          </params>
          <reporter-output>
          </reporter-output>
        </test-method> <!-- runScenario -->
        <test-method signature="runScenario(io.cucumber.testng.PickleWrapper,io.cucumber.testng.FeatureWrapper)[pri:0, instance:runners.TestRunner@3d285d7e]" started-at="2026-02-13T10:06:25 IST" name="runScenario" description="Runs Cucumber Scenarios" data-provider="scenarios" finished-at="2026-02-13T10:07:22 IST" duration-ms="57626" status="PASS">
          <params>
            <param index="0">
              <value>
                <![CDATA["Verify cart page URL"]]>
              </value>
            </param>
            <param index="1">
              <value>
                <![CDATA["Cart"]]>
              </value>
            </param>
          </params>
          <reporter-output>
          </reporter-output>
        </test-method> <!-- runScenario -->
        <test-method signature="runScenario(io.cucumber.testng.PickleWrapper,io.cucumber.testng.FeatureWrapper)[pri:0, instance:runners.TestRunner@3d285d7e]" started-at="2026-02-13T10:07:22 IST" name="runScenario" description="Runs Cucumber Scenarios" data-provider="scenarios" finished-at="2026-02-13T10:08:22 IST" duration-ms="59797" status="PASS">
          <params>
            <param index="0">
              <value>
                <![CDATA["Verify cart page title"]]>
              </value>
            </param>
            <param index="1">
              <value>
                <![CDATA["Cart"]]>
              </value>
            </param>
          </params>
          <reporter-output>
          </reporter-output>
        </test-method> <!-- runScenario -->
        <test-method signature="runScenario(io.cucumber.testng.PickleWrapper,io.cucumber.testng.FeatureWrapper)[pri:0, instance:runners.TestRunner@3d285d7e]" started-at="2026-02-13T10:08:22 IST" name="runScenario" description="Runs Cucumber Scenarios" data-provider="scenarios" finished-at="2026-02-13T10:09:22 IST" duration-ms="59411" status="PASS">
          <params>
            <param index="0">
              <value>
                <![CDATA["Verify cart URL exists"]]>
              </value>
            </param>
            <param index="1">
              <value>
                <![CDATA["Cart"]]>
              </value>
            </param>
          </params>
          <reporter-output>
          </reporter-output>
        </test-method> <!-- runScenario -->
        <test-method signature="runScenario(io.cucumber.testng.PickleWrapper,io.cucumber.testng.FeatureWrapper)[pri:0, instance:runners.TestRunner@3d285d7e]" started-at="2026-02-13T10:09:22 IST" name="runScenario" description="Runs Cucumber Scenarios" data-provider="scenarios" finished-at="2026-02-13T10:09:45 IST" duration-ms="23426" status="PASS">
          <params>
            <param index="0">
              <value>
                <![CDATA["Verify home page loads"]]>
              </value>
            </param>
            <param index="1">
              <value>
                <![CDATA["Home Page"]]>
              </value>
            </param>
          </params>
          <reporter-output>
          </reporter-output>
        </test-method> <!-- runScenario -->
        <test-method signature="runScenario(io.cucumber.testng.PickleWrapper,io.cucumber.testng.FeatureWrapper)[pri:0, instance:runners.TestRunner@3d285d7e]" started-at="2026-02-13T10:09:45 IST" name="runScenario" description="Runs Cucumber Scenarios" data-provider="scenarios" finished-at="2026-02-13T10:10:33 IST" duration-ms="48409" status="PASS">
          <params>
            <param index="0">
              <value>
                <![CDATA["Close login popup"]]>
              </value>
            </param>
            <param index="1">
              <value>
                <![CDATA["Home Page"]]>
              </value>
            </param>
          </params>
          <reporter-output>
          </reporter-output>
        </test-method> <!-- runScenario -->
        <test-method signature="runScenario(io.cucumber.testng.PickleWrapper,io.cucumber.testng.FeatureWrapper)[pri:0, instance:runners.TestRunner@3d285d7e]" started-at="2026-02-13T10:10:33 IST" name="runScenario" description="Runs Cucumber Scenarios" data-provider="scenarios" finished-at="2026-02-13T10:10:55 IST" duration-ms="21875" status="PASS">
          <params>
            <param index="0">
              <value>
                <![CDATA["Verify Flipkart page title loads"]]>
              </value>
            </param>
            <param index="1">
              <value>
                <![CDATA["Home Page"]]>
              </value>
            </param>
          </params>
          <reporter-output>
          </reporter-output>
        </test-method> <!-- runScenario -->
        <test-method signature="runScenario(io.cucumber.testng.PickleWrapper,io.cucumber.testng.FeatureWrapper)[pri:0, instance:runners.TestRunner@3d285d7e]" started-at="2026-02-13T10:10:55 IST" name="runScenario" description="Runs Cucumber Scenarios" data-provider="scenarios" finished-at="2026-02-13T10:11:20 IST" duration-ms="24443" status="PASS">
          <params>
            <param index="0">
              <value>
                <![CDATA["Navigate to mobiles category"]]>
              </value>
            </param>
            <param index="1">
              <value>
                <![CDATA["Navigation"]]>
              </value>
            </param>
          </params>
          <reporter-output>
          </reporter-output>
        </test-method> <!-- runScenario -->
        <test-method signature="runScenario(io.cucumber.testng.PickleWrapper,io.cucumber.testng.FeatureWrapper)[pri:0, instance:runners.TestRunner@3d285d7e]" started-at="2026-02-13T10:11:20 IST" name="runScenario" description="Runs Cucumber Scenarios" data-provider="scenarios" finished-at="2026-02-13T10:11:48 IST" duration-ms="28429" status="PASS">
          <params>
            <param index="0">
              <value>
                <![CDATA["Navigate back using logo"]]>
              </value>
            </param>
            <param index="1">
              <value>
                <![CDATA["Navigation"]]>
              </value>
            </param>
          </params>
          <reporter-output>
          </reporter-output>
        </test-method> <!-- runScenario -->
        <test-method signature="runScenario(io.cucumber.testng.PickleWrapper,io.cucumber.testng.FeatureWrapper)[pri:0, instance:runners.TestRunner@3d285d7e]" started-at="2026-02-13T10:11:48 IST" name="runScenario" description="Runs Cucumber Scenarios" data-provider="scenarios" finished-at="2026-02-13T10:12:10 IST" duration-ms="22296" status="PASS">
          <params>
            <param index="0">
              <value>
                <![CDATA["Verify homepage URL"]]>
              </value>
            </param>
            <param index="1">
              <value>
                <![CDATA["Navigation"]]>
              </value>
            </param>
          </params>
          <reporter-output>
          </reporter-output>
        </test-method> <!-- runScenario -->
        <test-method signature="runScenario(io.cucumber.testng.PickleWrapper,io.cucumber.testng.FeatureWrapper)[pri:0, instance:runners.TestRunner@3d285d7e]" started-at="2026-02-13T10:12:10 IST" name="runScenario" description="Runs Cucumber Scenarios" data-provider="scenarios" finished-at="2026-02-13T10:12:33 IST" duration-ms="22357" status="PASS">
          <params>
            <param index="0">
              <value>
                <![CDATA["Verify search box placeholder"]]>
              </value>
            </param>
            <param index="1">
              <value>
                <![CDATA["Navigation"]]>
              </value>
            </param>
          </params>
          <reporter-output>
          </reporter-output>
        </test-method> <!-- runScenario -->
        <test-method signature="runScenario(io.cucumber.testng.PickleWrapper,io.cucumber.testng.FeatureWrapper)[pri:0, instance:runners.TestRunner@3d285d7e]" started-at="2026-02-13T10:12:33 IST" name="runScenario" description="Runs Cucumber Scenarios" data-provider="scenarios" finished-at="2026-02-13T10:12:59 IST" duration-ms="26025" status="PASS">
          <params>
            <param index="0">
              <value>
                <![CDATA["Verify homepage navigation after category visit"]]>
              </value>
            </param>
            <param index="1">
              <value>
                <![CDATA["Navigation"]]>
              </value>
            </param>
          </params>
          <reporter-output>
          </reporter-output>
        </test-method> <!-- runScenario -->
        <test-method signature="runScenario(io.cucumber.testng.PickleWrapper,io.cucumber.testng.FeatureWrapper)[pri:0, instance:runners.TestRunner@3d285d7e]" started-at="2026-02-13T10:12:59 IST" name="runScenario" description="Runs Cucumber Scenarios" data-provider="scenarios" finished-at="2026-02-13T10:13:26 IST" duration-ms="27189" status="PASS">
          <params>
            <param index="0">
              <value>
                <![CDATA["Open product details"]]>
              </value>
            </param>
            <param index="1">
              <value>
                <![CDATA["Product Details"]]>
              </value>
            </param>
          </params>
          <reporter-output>
          </reporter-output>
        </test-method> <!-- runScenario -->
        <test-method signature="runScenario(io.cucumber.testng.PickleWrapper,io.cucumber.testng.FeatureWrapper)[pri:0, instance:runners.TestRunner@3d285d7e]" started-at="2026-02-13T10:13:26 IST" name="runScenario" description="Runs Cucumber Scenarios" data-provider="scenarios" finished-at="2026-02-13T10:14:53 IST" duration-ms="86981" status="PASS">
          <params>
            <param index="0">
              <value>
                <![CDATA["Verify product information"]]>
              </value>
            </param>
            <param index="1">
              <value>
                <![CDATA["Product Details"]]>
              </value>
            </param>
          </params>
          <reporter-output>
          </reporter-output>
        </test-method> <!-- runScenario -->
        <test-method signature="runScenario(io.cucumber.testng.PickleWrapper,io.cucumber.testng.FeatureWrapper)[pri:0, instance:runners.TestRunner@3d285d7e]" started-at="2026-02-13T10:14:53 IST" name="runScenario" description="Runs Cucumber Scenarios" data-provider="scenarios" finished-at="2026-02-13T10:15:20 IST" duration-ms="26895" status="PASS">
          <params>
            <param index="0">
              <value>
                <![CDATA["Verify product page URL"]]>
              </value>
            </param>
            <param index="1">
              <value>
                <![CDATA["Product Details"]]>
              </value>
            </param>
          </params>
          <reporter-output>
          </reporter-output>
        </test-method> <!-- runScenario -->
        <test-method signature="runScenario(io.cucumber.testng.PickleWrapper,io.cucumber.testng.FeatureWrapper)[pri:0, instance:runners.TestRunner@3d285d7e]" started-at="2026-02-13T10:15:20 IST" name="runScenario" description="Runs Cucumber Scenarios" data-provider="scenarios" finished-at="2026-02-13T10:16:18 IST" duration-ms="57660" status="PASS">
          <params>
            <param index="0">
              <value>
                <![CDATA["Verify Add to Cart button visible"]]>
              </value>
            </param>
            <param index="1">
              <value>
                <![CDATA["Product Details"]]>
              </value>
            </param>
          </params>
          <reporter-output>
          </reporter-output>
        </test-method> <!-- runScenario -->
        <test-method signature="runScenario(io.cucumber.testng.PickleWrapper,io.cucumber.testng.FeatureWrapper)[pri:0, instance:runners.TestRunner@3d285d7e]" started-at="2026-02-13T10:16:18 IST" name="runScenario" description="Runs Cucumber Scenarios" data-provider="scenarios" finished-at="2026-02-13T10:16:44 IST" duration-ms="26599" status="PASS">
          <params>
            <param index="0">
              <value>
                <![CDATA["Verify product page title loads"]]>
              </value>
            </param>
            <param index="1">
              <value>
                <![CDATA["Product Details"]]>
              </value>
            </param>
          </params>
          <reporter-output>
          </reporter-output>
        </test-method> <!-- runScenario -->
        <test-method signature="runScenario(io.cucumber.testng.PickleWrapper,io.cucumber.testng.FeatureWrapper)[pri:0, instance:runners.TestRunner@3d285d7e]" started-at="2026-02-13T10:16:44 IST" name="runScenario" description="Runs Cucumber Scenarios" data-provider="scenarios" finished-at="2026-02-13T10:17:10 IST" duration-ms="25741" status="PASS">
          <params>
            <param index="0">
              <value>
                <![CDATA["Verify product page URL exists"]]>
              </value>
            </param>
            <param index="1">
              <value>
                <![CDATA["Product Details"]]>
              </value>
            </param>
          </params>
          <reporter-output>
          </reporter-output>
        </test-method> <!-- runScenario -->
        <test-method signature="runScenario(io.cucumber.testng.PickleWrapper,io.cucumber.testng.FeatureWrapper)[pri:0, instance:runners.TestRunner@3d285d7e]" started-at="2026-02-13T10:17:10 IST" name="runScenario" description="Runs Cucumber Scenarios" data-provider="scenarios" finished-at="2026-02-13T10:17:37 IST" duration-ms="27080" status="PASS">
          <params>
            <param index="0">
              <value>
                <![CDATA["Verify product page loads completely"]]>
              </value>
            </param>
            <param index="1">
              <value>
                <![CDATA["Product Details"]]>
              </value>
            </param>
          </params>
          <reporter-output>
          </reporter-output>
        </test-method> <!-- runScenario -->
        <test-method signature="runScenario(io.cucumber.testng.PickleWrapper,io.cucumber.testng.FeatureWrapper)[pri:0, instance:runners.TestRunner@3d285d7e]" started-at="2026-02-13T10:17:37 IST" name="runScenario" description="Runs Cucumber Scenarios" data-provider="scenarios" finished-at="2026-02-13T10:18:04 IST" duration-ms="26913" status="PASS">
          <params>
            <param index="0">
              <value>
                <![CDATA["Verify Flipkart title on product page"]]>
              </value>
            </param>
            <param index="1">
              <value>
                <![CDATA["Product Details"]]>
              </value>
            </param>
          </params>
          <reporter-output>
          </reporter-output>
        </test-method> <!-- runScenario -->
        <test-method signature="runScenario(io.cucumber.testng.PickleWrapper,io.cucumber.testng.FeatureWrapper)[pri:0, instance:runners.TestRunner@3d285d7e]" started-at="2026-02-13T10:18:04 IST" name="runScenario" description="Runs Cucumber Scenarios" data-provider="scenarios" finished-at="2026-02-13T10:18:30 IST" duration-ms="26100" status="PASS">
          <params>
            <param index="0">
              <value>
                <![CDATA["Verify product page opens for another search"]]>
              </value>
            </param>
            <param index="1">
              <value>
                <![CDATA["Product Details"]]>
              </value>
            </param>
          </params>
          <reporter-output>
          </reporter-output>
        </test-method> <!-- runScenario -->
        <test-method signature="runScenario(io.cucumber.testng.PickleWrapper,io.cucumber.testng.FeatureWrapper)[pri:0, instance:runners.TestRunner@3d285d7e]" started-at="2026-02-13T10:18:30 IST" name="runScenario" description="Runs Cucumber Scenarios" data-provider="scenarios" finished-at="2026-02-13T10:18:55 IST" duration-ms="25065" status="PASS">
          <params>
            <param index="0">
              <value>
                <![CDATA["Verify products displayed"]]>
              </value>
            </param>
            <param index="1">
              <value>
                <![CDATA["Product Listing"]]>
              </value>
            </param>
          </params>
          <reporter-output>
          </reporter-output>
        </test-method> <!-- runScenario -->
        <test-method signature="runScenario(io.cucumber.testng.PickleWrapper,io.cucumber.testng.FeatureWrapper)[pri:0, instance:runners.TestRunner@3d285d7e]" started-at="2026-02-13T10:18:55 IST" name="runScenario" description="Runs Cucumber Scenarios" data-provider="scenarios" finished-at="2026-02-13T10:19:21 IST" duration-ms="25603" status="PASS">
          <params>
            <param index="0">
              <value>
                <![CDATA["Apply filters"]]>
              </value>
            </param>
            <param index="1">
              <value>
                <![CDATA["Product Listing"]]>
              </value>
            </param>
          </params>
          <reporter-output>
          </reporter-output>
        </test-method> <!-- runScenario -->
        <test-method signature="runScenario(io.cucumber.testng.PickleWrapper,io.cucumber.testng.FeatureWrapper)[pri:0, instance:runners.TestRunner@3d285d7e]" started-at="2026-02-13T10:19:21 IST" name="runScenario" description="Runs Cucumber Scenarios" data-provider="scenarios" finished-at="2026-02-13T10:19:46 IST" duration-ms="25165" status="PASS">
          <params>
            <param index="0">
              <value>
                <![CDATA["Verify listing page title loads"]]>
              </value>
            </param>
            <param index="1">
              <value>
                <![CDATA["Product Listing"]]>
              </value>
            </param>
          </params>
          <reporter-output>
          </reporter-output>
        </test-method> <!-- runScenario -->
        <test-method signature="runScenario(io.cucumber.testng.PickleWrapper,io.cucumber.testng.FeatureWrapper)[pri:0, instance:runners.TestRunner@3d285d7e]" started-at="2026-02-13T10:19:46 IST" name="runScenario" description="Runs Cucumber Scenarios" data-provider="scenarios" finished-at="2026-02-13T10:20:11 IST" duration-ms="25106" status="PASS">
          <params>
            <param index="0">
              <value>
                <![CDATA["Search different products"]]>
              </value>
            </param>
            <param index="1">
              <value>
                <![CDATA["Search Products"]]>
              </value>
            </param>
          </params>
          <reporter-output>
          </reporter-output>
        </test-method> <!-- runScenario -->
        <test-method signature="runScenario(io.cucumber.testng.PickleWrapper,io.cucumber.testng.FeatureWrapper)[pri:0, instance:runners.TestRunner@3d285d7e]" started-at="2026-02-13T10:20:11 IST" name="runScenario" description="Runs Cucumber Scenarios" data-provider="scenarios" finished-at="2026-02-13T10:20:37 IST" duration-ms="26385" status="PASS">
          <params>
            <param index="0">
              <value>
                <![CDATA["Search different products"]]>
              </value>
            </param>
            <param index="1">
              <value>
                <![CDATA["Search Products"]]>
              </value>
            </param>
          </params>
          <reporter-output>
          </reporter-output>
        </test-method> <!-- runScenario -->
        <test-method signature="runScenario(io.cucumber.testng.PickleWrapper,io.cucumber.testng.FeatureWrapper)[pri:0, instance:runners.TestRunner@3d285d7e]" started-at="2026-02-13T10:20:37 IST" name="runScenario" description="Runs Cucumber Scenarios" data-provider="scenarios" finished-at="2026-02-13T10:21:02 IST" duration-ms="24715" status="PASS">
          <params>
            <param index="0">
              <value>
                <![CDATA["Search different products"]]>
              </value>
            </param>
            <param index="1">
              <value>
                <![CDATA["Search Products"]]>
              </value>
            </param>
          </params>
          <reporter-output>
          </reporter-output>
        </test-method> <!-- runScenario -->
        <test-method signature="runScenario(io.cucumber.testng.PickleWrapper,io.cucumber.testng.FeatureWrapper)[pri:0, instance:runners.TestRunner@3d285d7e]" started-at="2026-02-13T10:21:02 IST" name="runScenario" description="Runs Cucumber Scenarios" data-provider="scenarios" finished-at="2026-02-13T10:21:28 IST" duration-ms="25415" status="PASS">
          <params>
            <param index="0">
              <value>
                <![CDATA["Verify search URL"]]>
              </value>
            </param>
            <param index="1">
              <value>
                <![CDATA["Search Products"]]>
              </value>
            </param>
          </params>
          <reporter-output>
          </reporter-output>
        </test-method> <!-- runScenario -->
        <test-method signature="runScenario(io.cucumber.testng.PickleWrapper,io.cucumber.testng.FeatureWrapper)[pri:0, instance:runners.TestRunner@3d285d7e]" started-at="2026-02-13T10:21:28 IST" name="runScenario" description="Runs Cucumber Scenarios" data-provider="scenarios" finished-at="2026-02-13T10:21:52 IST" duration-ms="24930" status="PASS">
          <params>
            <param index="0">
              <value>
                <![CDATA["Verify search box retains keyword"]]>
              </value>
            </param>
            <param index="1">
              <value>
                <![CDATA["Search Products"]]>
              </value>
            </param>
          </params>
          <reporter-output>
          </reporter-output>
        </test-method> <!-- runScenario -->
        <test-method signature="runScenario(io.cucumber.testng.PickleWrapper,io.cucumber.testng.FeatureWrapper)[pri:0, instance:runners.TestRunner@3d285d7e]" started-at="2026-02-13T10:21:52 IST" name="runScenario" description="Runs Cucumber Scenarios" data-provider="scenarios" finished-at="2026-02-13T10:22:17 IST" duration-ms="24646" status="PASS">
          <params>
            <param index="0">
              <value>
                <![CDATA["Verify search results count"]]>
              </value>
            </param>
            <param index="1">
              <value>
                <![CDATA["Search Products"]]>
              </value>
            </param>
          </params>
          <reporter-output>
          </reporter-output>
        </test-method> <!-- runScenario -->
        <test-method signature="runScenario(io.cucumber.testng.PickleWrapper,io.cucumber.testng.FeatureWrapper)[pri:0, instance:runners.TestRunner@3d285d7e]" started-at="2026-02-13T10:22:17 IST" name="runScenario" description="Runs Cucumber Scenarios" data-provider="scenarios" finished-at="2026-02-13T10:22:42 IST" duration-ms="24804" status="PASS">
          <params>
            <param index="0">
              <value>
                <![CDATA["Verify search page URL exists"]]>
              </value>
            </param>
            <param index="1">
              <value>
                <![CDATA["Search Products"]]>
              </value>
            </param>
          </params>
          <reporter-output>
          </reporter-output>
        </test-method> <!-- runScenario -->
        <test-method signature="runScenario(io.cucumber.testng.PickleWrapper,io.cucumber.testng.FeatureWrapper)[pri:0, instance:runners.TestRunner@3d285d7e]" started-at="2026-02-13T10:22:42 IST" name="runScenario" description="Runs Cucumber Scenarios" data-provider="scenarios" finished-at="2026-02-13T10:23:08 IST" duration-ms="25997" status="PASS">
          <params>
            <param index="0">
              <value>
                <![CDATA["Verify search works for laptops"]]>
              </value>
            </param>
            <param index="1">
              <value>
                <![CDATA["Search Products"]]>
              </value>
            </param>
          </params>
          <reporter-output>
          </reporter-output>
        </test-method> <!-- runScenario -->
        <test-method signature="runScenario(io.cucumber.testng.PickleWrapper,io.cucumber.testng.FeatureWrapper)[pri:0, instance:runners.TestRunner@3d285d7e]" started-at="2026-02-13T10:23:08 IST" name="runScenario" description="Runs Cucumber Scenarios" data-provider="scenarios" finished-at="2026-02-13T10:23:35 IST" duration-ms="27063" status="PASS">
          <params>
            <param index="0">
              <value>
                <![CDATA["Sort Low to High"]]>
              </value>
            </param>
            <param index="1">
              <value>
                <![CDATA["Product Sorting"]]>
              </value>
            </param>
          </params>
          <reporter-output>
          </reporter-output>
        </test-method> <!-- runScenario -->
        <test-method signature="runScenario(io.cucumber.testng.PickleWrapper,io.cucumber.testng.FeatureWrapper)[pri:0, instance:runners.TestRunner@3d285d7e]" started-at="2026-02-13T10:23:35 IST" name="runScenario" description="Runs Cucumber Scenarios" data-provider="scenarios" finished-at="2026-02-13T10:24:02 IST" duration-ms="26971" status="PASS">
          <params>
            <param index="0">
              <value>
                <![CDATA["Sort High to Low"]]>
              </value>
            </param>
            <param index="1">
              <value>
                <![CDATA["Product Sorting"]]>
              </value>
            </param>
          </params>
          <reporter-output>
          </reporter-output>
        </test-method> <!-- runScenario -->
        <test-method signature="runScenario(io.cucumber.testng.PickleWrapper,io.cucumber.testng.FeatureWrapper)[pri:0, instance:runners.TestRunner@3d285d7e]" started-at="2026-02-13T10:24:02 IST" name="runScenario" description="Runs Cucumber Scenarios" data-provider="scenarios" finished-at="2026-02-13T10:24:29 IST" duration-ms="27294" status="PASS">
          <params>
            <param index="0">
              <value>
                <![CDATA["Sort by Popularity"]]>
              </value>
            </param>
            <param index="1">
              <value>
                <![CDATA["Product Sorting"]]>
              </value>
            </param>
          </params>
          <reporter-output>
          </reporter-output>
        </test-method> <!-- runScenario -->
        <test-method is-config="true" signature="tearDownClass()[pri:0, instance:runners.TestRunner@3d285d7e]" started-at="2026-02-13T10:24:29 IST" name="tearDownClass" finished-at="2026-02-13T10:24:29 IST" duration-ms="94" status="PASS">
          <reporter-output>
          </reporter-output>
        </test-method> <!-- tearDownClass -->
      </class> <!-- runners.TestRunner -->
    </test> <!-- Default test -->
  </suite> <!-- Default suite -->
</testng-results>
