<?xml version="1.0" encoding="UTF-8"?>
<!-- Generated by org.testng.reporters.JUnitReportReporter -->
<testsuite hostname="DESKTOP-FSIP3N9" failures="0" tests="36" name="runners.TestRunner" time="1234.119" errors="0" timestamp="2026-02-13T10:24:30 IST" skipped="0">
  <testcase classname="runners.TestRunner" name="runScenario" time="27.189"/>
  <testcase classname="runners.TestRunner" name="runScenario" time="24.646"/>
  <testcase classname="runners.TestRunner" name="runScenario" time="25.165"/>
  <testcase classname="runners.TestRunner" name="runScenario" time="25.997"/>
  <testcase classname="runners.TestRunner" name="runScenario" time="26.385"/>
  <testcase classname="runners.TestRunner" name="runScenario" time="24.804"/>
  <testcase classname="runners.TestRunner" name="runScenario" time="59.411"/>
  <testcase classname="runners.TestRunner" name="runScenario" time="48.409"/>
  <testcase classname="runners.TestRunner" name="runScenario" time="26.913"/>
  <testcase classname="runners.TestRunner" name="runScenario" time="21.875"/>
  <testcase classname="runners.TestRunner" name="runScenario" time="61.867"/>
  <testcase classname="runners.TestRunner" name="runScenario" time="87.841"/>
  <testcase classname="runners.TestRunner" name="runScenario" time="24.715"/>
  <testcase classname="runners.TestRunner" name="runScenario" time="27.080"/>
  <testcase classname="runners.TestRunner" name="runScenario" time="26.599"/>
  <testcase classname="runners.TestRunner" name="runScenario" time="27.294"/>
  <testcase classname="runners.TestRunner" name="runScenario" time="23.426"/>
  <testcase classname="runners.TestRunner" name="runScenario" time="27.063"/>
  <testcase classname="runners.TestRunner" name="runScenario" time="86.981"/>
  <testcase classname="runners.TestRunner" name="runScenario" time="26.971"/>
  <testcase classname="runners.TestRunner" name="runScenario" time="57.626"/>
  <testcase classname="runners.TestRunner" name="runScenario" time="24.443"/>
  <testcase classname="runners.TestRunner" name="runScenario" time="26.895"/>
  <testcase classname="runners.TestRunner" name="runScenario" time="26.100"/>
  <testcase classname="runners.TestRunner" name="runScenario" time="25.065"/>
  <testcase classname="runners.TestRunner" name="runScenario" time="22.296"/>
  <testcase classname="runners.TestRunner" name="runScenario" time="25.603"/>
  <testcase classname="runners.TestRunner" name="runScenario" time="24.930"/>
  <testcase classname="runners.TestRunner" name="runScenario" time="59.797"/>
  <testcase classname="runners.TestRunner" name="runScenario" time="57.660"/>
  <testcase classname="runners.TestRunner" name="runScenario" time="28.429"/>
  <testcase classname="runners.TestRunner" name="runScenario" time="25.106"/>
  <testcase classname="runners.TestRunner" name="runScenario" time="25.415"/>
  <testcase classname="runners.TestRunner" name="runScenario" time="22.357"/>
  <testcase classname="runners.TestRunner" name="runScenario" time="25.741"/>
  <testcase classname="runners.TestRunner" name="runScenario" time="26.025"/>
</testsuite> <!-- runners.TestRunner -->
