<?xml version="1.0" encoding="UTF-8"?>
<!-- Generated by org.testng.reporters.JUnitReportReporter -->
<testsuite hostname="DESKTOP-FSIP3N9" failures="0" tests="33" name="runners.TestRunner" time="1148.724" errors="0" timestamp="2026-02-12T16:15:30 IST" skipped="0">
  <testcase classname="runners.TestRunner" name="runScenario" time="25.185"/>
  <testcase classname="runners.TestRunner" name="runScenario" time="24.964"/>
  <testcase classname="runners.TestRunner" name="runScenario" time="25.538"/>
  <testcase classname="runners.TestRunner" name="runScenario" time="25.725"/>
  <testcase classname="runners.TestRunner" name="runScenario" time="22.233"/>
  <testcase classname="runners.TestRunner" name="runScenario" time="24.193"/>
  <testcase classname="runners.TestRunner" name="runScenario" time="22.870"/>
  <testcase classname="runners.TestRunner" name="runScenario" time="22.602"/>
  <testcase classname="runners.TestRunner" name="runScenario" time="25.729"/>
  <testcase classname="runners.TestRunner" name="runScenario" time="25.702"/>
  <testcase classname="runners.TestRunner" name="runScenario" time="24.337"/>
  <testcase classname="runners.TestRunner" name="runScenario" time="60.333"/>
  <testcase classname="runners.TestRunner" name="runScenario" time="23.107"/>
  <testcase classname="runners.TestRunner" name="runScenario" time="24.271"/>
  <testcase classname="runners.TestRunner" name="runScenario" time="23.494"/>
  <testcase classname="runners.TestRunner" name="runScenario" time="79.329"/>
  <testcase classname="runners.TestRunner" name="runScenario" time="21.933"/>
  <testcase classname="runners.TestRunner" name="runScenario" time="24.114"/>
  <testcase classname="runners.TestRunner" name="runScenario" time="27.072"/>
  <testcase classname="runners.TestRunner" name="runScenario" time="88.359"/>
  <testcase classname="runners.TestRunner" name="runScenario" time="24.288"/>
  <testcase classname="runners.TestRunner" name="runScenario" time="23.403"/>
  <testcase classname="runners.TestRunner" name="runScenario" time="26.342"/>
  <testcase classname="runners.TestRunner" name="runScenario" time="58.836"/>
  <testcase classname="runners.TestRunner" name="runScenario" time="86.207"/>
  <testcase classname="runners.TestRunner" name="runScenario" time="57.865"/>
  <testcase classname="runners.TestRunner" name="runScenario" time="25.778"/>
  <testcase classname="runners.TestRunner" name="runScenario" time="25.899"/>
  <testcase classname="runners.TestRunner" name="runScenario" time="25.059"/>
  <testcase classname="runners.TestRunner" name="runScenario" time="43.793"/>
  <testcase classname="runners.TestRunner" name="runScenario" time="26.528"/>
  <testcase classname="runners.TestRunner" name="runScenario" time="57.751"/>
  <testcase classname="runners.TestRunner" name="runScenario" time="25.885"/>
</testsuite> <!-- runners.TestRunner -->
